Terminals unused in grammar

   RESERVED


Grammar

    0 $accept: FunctionsAndDec $end

    1 FunctionsAndDec: FunctionsAndDeclarations

    2 FunctionsAndDeclarations: TypeSpec FunctionDeclarator FuctionsAndDecExtra
    3                         | TypeSpec Declaration FuctionsAndDecExtra

    4 FuctionsAndDecExtra: FunctionsAndDeclarations
    5                    | %empty

    6 TypeSpec: CHAR
    7         | INT
    8         | VOID
    9         | SHORT
   10         | DOUBLE

   11 FunctionDeclarator: ID LPAR ParameterList RPAR FunctionHelper

   12 ParameterList: TypeSpec ParameterDeclaration ParameterExtra

   13 ParameterExtra: COMMA TypeSpec ParameterDeclaration ParameterExtra
   14               | %empty

   15 ParameterDeclaration: ID
   16                     | %empty

   17 FunctionHelper: LBRACE FunctionBody RBRACE
   18               | SEMI

   19 FunctionBody: DeclarationsAndStatements
   20             | %empty

   21 DeclarationsAndStatements: Statement DeclarationsAndStatementsRep
   22                          | TypeSpec Declaration DeclarationsAndStatementsRep

   23 DeclarationsAndStatementsRep: DeclarationsAndStatements
   24                             | %empty

   25 Declaration: Declarator DeclarationExtra
   26            | error SEMI

   27 DeclarationExtra: COMMA Declarator DeclarationExtra
   28                 | SEMI

   29 Declarator: ID ASSIGN Expr
   30           | ID

   31 Statement: Expr SEMI
   32          | error SEMI
   33          | LBRACE StatementBrace
   34          | IF LPAR Expr RPAR Statement StatementElse
   35          | WHILE LPAR Expr RPAR Statement
   36          | RETURN StatementReturn

   37 StatementBrace: Statement RBRACE
   38               | Statement StatementBrace
   39               | error RBRACE

   40 StatementElse: ELSE Statement
   41              | %empty

   42 StatementReturn: SEMI
   43                | Expr SEMI

   44 Expr: Expr ASSIGN Expr
   45     | Expr COMMA Expr
   46     | Expr PLUS Expr
   47     | Expr MINUS Expr
   48     | Expr MUL Expr
   49     | Expr DIV Expr
   50     | Expr MOD Expr
   51     | Expr OR Expr
   52     | Expr AND Expr
   53     | Expr BITWISEAND Expr
   54     | Expr BITWISEOR Expr
   55     | Expr BITWISEXOR Expr
   56     | Expr EQ Expr
   57     | Expr NE Expr
   58     | Expr LE Expr
   59     | Expr GE Expr
   60     | Expr LT Expr
   61     | Expr GT Expr
   62     | PLUS Expr
   63     | MINUS Expr
   64     | NOT Expr
   65     | ID
   66     | INTLIT
   67     | CHRLIT
   68     | REALLIT
   69     | ID LPAR Expr RPAR
   70     | ID LPAR error RPAR
   71     | LPAR Expr RPAR
   72     | LPAR error RPAR


Terminals, with rules where they appear

$end (0) 0
error (256) 26 32 39 70 72
CHRLIT (258) 67
REALLIT (259) 68
INTLIT (260) 66
ID (261) 11 15 29 30 65 69 70
CHAR (262) 6
ELSE (263) 40
WHILE (264) 35
IF (265) 34
INT (266) 7
SHORT (267) 9
DOUBLE (268) 10
RETURN (269) 36
VOID (270) 8
BITWISEAND (271) 53
BITWISEOR (272) 54
BITWISEXOR (273) 55
AND (274) 52
ASSIGN (275) 29 44
MUL (276) 48
COMMA (277) 13 27 45
DIV (278) 49
EQ (279) 56
GE (280) 59
GT (281) 61
LBRACE (282) 17 33
LE (283) 58
LPAR (284) 11 34 35 69 70 71 72
LT (285) 60
MINUS (286) 47 63
MOD (287) 50
NE (288) 57
NOT (289) 64
OR (290) 51
PLUS (291) 46 62
RBRACE (292) 17 37 39
RPAR (293) 11 34 35 69 70 71 72
SEMI (294) 18 26 28 31 32 42 43
RESERVED (295)
"then" (296)


Nonterminals, with rules where they appear

$accept (42)
    on left: 0
FunctionsAndDec (43)
    on left: 1, on right: 0
FunctionsAndDeclarations (44)
    on left: 2 3, on right: 1 4
FuctionsAndDecExtra (45)
    on left: 4 5, on right: 2 3
TypeSpec (46)
    on left: 6 7 8 9 10, on right: 2 3 12 13 22
FunctionDeclarator (47)
    on left: 11, on right: 2
ParameterList (48)
    on left: 12, on right: 11
ParameterExtra (49)
    on left: 13 14, on right: 12 13
ParameterDeclaration (50)
    on left: 15 16, on right: 12 13
FunctionHelper (51)
    on left: 17 18, on right: 11
FunctionBody (52)
    on left: 19 20, on right: 17
DeclarationsAndStatements (53)
    on left: 21 22, on right: 19 23
DeclarationsAndStatementsRep (54)
    on left: 23 24, on right: 21 22
Declaration (55)
    on left: 25 26, on right: 3 22
DeclarationExtra (56)
    on left: 27 28, on right: 25 27
Declarator (57)
    on left: 29 30, on right: 25 27
Statement (58)
    on left: 31 32 33 34 35 36, on right: 21 34 35 37 38 40
StatementBrace (59)
    on left: 37 38 39, on right: 33 38
StatementElse (60)
    on left: 40 41, on right: 34
StatementReturn (61)
    on left: 42 43, on right: 36
Expr (62)
    on left: 44 45 46 47 48 49 50 51 52 53 54 55 56 57 58 59 60 61
    62 63 64 65 66 67 68 69 70 71 72, on right: 29 31 34 35 43 44 45
    46 47 48 49 50 51 52 53 54 55 56 57 58 59 60 61 62 63 64 69 71


State 0

    0 $accept: . FunctionsAndDec $end

    CHAR    shift, and go to state 1
    INT     shift, and go to state 2
    SHORT   shift, and go to state 3
    DOUBLE  shift, and go to state 4
    VOID    shift, and go to state 5

    FunctionsAndDec           go to state 6
    FunctionsAndDeclarations  go to state 7
    TypeSpec                  go to state 8


State 1

    6 TypeSpec: CHAR .

    $default  reduce using rule 6 (TypeSpec)


State 2

    7 TypeSpec: INT .

    $default  reduce using rule 7 (TypeSpec)


State 3

    9 TypeSpec: SHORT .

    $default  reduce using rule 9 (TypeSpec)


State 4

   10 TypeSpec: DOUBLE .

    $default  reduce using rule 10 (TypeSpec)


State 5

    8 TypeSpec: VOID .

    $default  reduce using rule 8 (TypeSpec)


State 6

    0 $accept: FunctionsAndDec . $end

    $end  shift, and go to state 9


State 7

    1 FunctionsAndDec: FunctionsAndDeclarations .

    $default  reduce using rule 1 (FunctionsAndDec)


State 8

    2 FunctionsAndDeclarations: TypeSpec . FunctionDeclarator FuctionsAndDecExtra
    3                         | TypeSpec . Declaration FuctionsAndDecExtra

    error  shift, and go to state 10
    ID     shift, and go to state 11

    FunctionDeclarator  go to state 12
    Declaration         go to state 13
    Declarator          go to state 14


State 9

    0 $accept: FunctionsAndDec $end .

    $default  accept


State 10

   26 Declaration: error . SEMI

    SEMI  shift, and go to state 15


State 11

   11 FunctionDeclarator: ID . LPAR ParameterList RPAR FunctionHelper
   29 Declarator: ID . ASSIGN Expr
   30           | ID .

    ASSIGN  shift, and go to state 16
    LPAR    shift, and go to state 17

    $default  reduce using rule 30 (Declarator)


State 12

    2 FunctionsAndDeclarations: TypeSpec FunctionDeclarator . FuctionsAndDecExtra

    CHAR    shift, and go to state 1
    INT     shift, and go to state 2
    SHORT   shift, and go to state 3
    DOUBLE  shift, and go to state 4
    VOID    shift, and go to state 5

    $default  reduce using rule 5 (FuctionsAndDecExtra)

    FunctionsAndDeclarations  go to state 18
    FuctionsAndDecExtra       go to state 19
    TypeSpec                  go to state 8


State 13

    3 FunctionsAndDeclarations: TypeSpec Declaration . FuctionsAndDecExtra

    CHAR    shift, and go to state 1
    INT     shift, and go to state 2
    SHORT   shift, and go to state 3
    DOUBLE  shift, and go to state 4
    VOID    shift, and go to state 5

    $default  reduce using rule 5 (FuctionsAndDecExtra)

    FunctionsAndDeclarations  go to state 18
    FuctionsAndDecExtra       go to state 20
    TypeSpec                  go to state 8


State 14

   25 Declaration: Declarator . DeclarationExtra

    COMMA  shift, and go to state 21
    SEMI   shift, and go to state 22

    DeclarationExtra  go to state 23


State 15

   26 Declaration: error SEMI .

    $default  reduce using rule 26 (Declaration)


State 16

   29 Declarator: ID ASSIGN . Expr

    CHRLIT   shift, and go to state 24
    REALLIT  shift, and go to state 25
    INTLIT   shift, and go to state 26
    ID       shift, and go to state 27
    LPAR     shift, and go to state 28
    MINUS    shift, and go to state 29
    NOT      shift, and go to state 30
    PLUS     shift, and go to state 31

    Expr  go to state 32


State 17

   11 FunctionDeclarator: ID LPAR . ParameterList RPAR FunctionHelper

    CHAR    shift, and go to state 1
    INT     shift, and go to state 2
    SHORT   shift, and go to state 3
    DOUBLE  shift, and go to state 4
    VOID    shift, and go to state 5

    TypeSpec       go to state 33
    ParameterList  go to state 34


State 18

    4 FuctionsAndDecExtra: FunctionsAndDeclarations .

    $default  reduce using rule 4 (FuctionsAndDecExtra)


State 19

    2 FunctionsAndDeclarations: TypeSpec FunctionDeclarator FuctionsAndDecExtra .

    $default  reduce using rule 2 (FunctionsAndDeclarations)


State 20

    3 FunctionsAndDeclarations: TypeSpec Declaration FuctionsAndDecExtra .

    $default  reduce using rule 3 (FunctionsAndDeclarations)


State 21

   27 DeclarationExtra: COMMA . Declarator DeclarationExtra

    ID  shift, and go to state 35

    Declarator  go to state 36


State 22

   28 DeclarationExtra: SEMI .

    $default  reduce using rule 28 (DeclarationExtra)


State 23

   25 Declaration: Declarator DeclarationExtra .

    $default  reduce using rule 25 (Declaration)


State 24

   67 Expr: CHRLIT .

    $default  reduce using rule 67 (Expr)


State 25

   68 Expr: REALLIT .

    $default  reduce using rule 68 (Expr)


State 26

   66 Expr: INTLIT .

    $default  reduce using rule 66 (Expr)


State 27

   65 Expr: ID .
   69     | ID . LPAR Expr RPAR
   70     | ID . LPAR error RPAR

    LPAR  shift, and go to state 37

    $default  reduce using rule 65 (Expr)


State 28

   71 Expr: LPAR . Expr RPAR
   72     | LPAR . error RPAR

    error    shift, and go to state 38
    CHRLIT   shift, and go to state 24
    REALLIT  shift, and go to state 25
    INTLIT   shift, and go to state 26
    ID       shift, and go to state 27
    LPAR     shift, and go to state 28
    MINUS    shift, and go to state 29
    NOT      shift, and go to state 30
    PLUS     shift, and go to state 31

    Expr  go to state 39


State 29

   63 Expr: MINUS . Expr

    CHRLIT   shift, and go to state 24
    REALLIT  shift, and go to state 25
    INTLIT   shift, and go to state 26
    ID       shift, and go to state 27
    LPAR     shift, and go to state 28
    MINUS    shift, and go to state 29
    NOT      shift, and go to state 30
    PLUS     shift, and go to state 31

    Expr  go to state 40


State 30

   64 Expr: NOT . Expr

    CHRLIT   shift, and go to state 24
    REALLIT  shift, and go to state 25
    INTLIT   shift, and go to state 26
    ID       shift, and go to state 27
    LPAR     shift, and go to state 28
    MINUS    shift, and go to state 29
    NOT      shift, and go to state 30
    PLUS     shift, and go to state 31

    Expr  go to state 41


State 31

   62 Expr: PLUS . Expr

    CHRLIT   shift, and go to state 24
    REALLIT  shift, and go to state 25
    INTLIT   shift, and go to state 26
    ID       shift, and go to state 27
    LPAR     shift, and go to state 28
    MINUS    shift, and go to state 29
    NOT      shift, and go to state 30
    PLUS     shift, and go to state 31

    Expr  go to state 42


State 32

   29 Declarator: ID ASSIGN Expr .
   44 Expr: Expr . ASSIGN Expr
   45     | Expr . COMMA Expr
   46     | Expr . PLUS Expr
   47     | Expr . MINUS Expr
   48     | Expr . MUL Expr
   49     | Expr . DIV Expr
   50     | Expr . MOD Expr
   51     | Expr . OR Expr
   52     | Expr . AND Expr
   53     | Expr . BITWISEAND Expr
   54     | Expr . BITWISEOR Expr
   55     | Expr . BITWISEXOR Expr
   56     | Expr . EQ Expr
   57     | Expr . NE Expr
   58     | Expr . LE Expr
   59     | Expr . GE Expr
   60     | Expr . LT Expr
   61     | Expr . GT Expr

    BITWISEAND  shift, and go to state 43
    BITWISEOR   shift, and go to state 44
    BITWISEXOR  shift, and go to state 45
    AND         shift, and go to state 46
    ASSIGN      shift, and go to state 47
    MUL         shift, and go to state 48
    DIV         shift, and go to state 50
    EQ          shift, and go to state 51
    GE          shift, and go to state 52
    GT          shift, and go to state 53
    LE          shift, and go to state 54
    LT          shift, and go to state 55
    MINUS       shift, and go to state 56
    MOD         shift, and go to state 57
    NE          shift, and go to state 58
    OR          shift, and go to state 59
    PLUS        shift, and go to state 60

    $default  reduce using rule 29 (Declarator)


State 33

   12 ParameterList: TypeSpec . ParameterDeclaration ParameterExtra

    ID  shift, and go to state 61

    $default  reduce using rule 16 (ParameterDeclaration)

    ParameterDeclaration  go to state 62


State 34

   11 FunctionDeclarator: ID LPAR ParameterList . RPAR FunctionHelper

    RPAR  shift, and go to state 63


State 35

   29 Declarator: ID . ASSIGN Expr
   30           | ID .

    ASSIGN  shift, and go to state 16

    $default  reduce using rule 30 (Declarator)


State 36

   27 DeclarationExtra: COMMA Declarator . DeclarationExtra

    COMMA  shift, and go to state 21
    SEMI   shift, and go to state 22

    DeclarationExtra  go to state 64


State 37

   69 Expr: ID LPAR . Expr RPAR
   70     | ID LPAR . error RPAR

    error    shift, and go to state 65
    CHRLIT   shift, and go to state 24
    REALLIT  shift, and go to state 25
    INTLIT   shift, and go to state 26
    ID       shift, and go to state 27
    LPAR     shift, and go to state 28
    MINUS    shift, and go to state 29
    NOT      shift, and go to state 30
    PLUS     shift, and go to state 31

    Expr  go to state 66


State 38

   72 Expr: LPAR error . RPAR

    RPAR  shift, and go to state 67


State 39

   44 Expr: Expr . ASSIGN Expr
   45     | Expr . COMMA Expr
   46     | Expr . PLUS Expr
   47     | Expr . MINUS Expr
   48     | Expr . MUL Expr
   49     | Expr . DIV Expr
   50     | Expr . MOD Expr
   51     | Expr . OR Expr
   52     | Expr . AND Expr
   53     | Expr . BITWISEAND Expr
   54     | Expr . BITWISEOR Expr
   55     | Expr . BITWISEXOR Expr
   56     | Expr . EQ Expr
   57     | Expr . NE Expr
   58     | Expr . LE Expr
   59     | Expr . GE Expr
   60     | Expr . LT Expr
   61     | Expr . GT Expr
   71     | LPAR Expr . RPAR

    BITWISEAND  shift, and go to state 43
    BITWISEOR   shift, and go to state 44
    BITWISEXOR  shift, and go to state 45
    AND         shift, and go to state 46
    ASSIGN      shift, and go to state 47
    MUL         shift, and go to state 48
    COMMA       shift, and go to state 49
    DIV         shift, and go to state 50
    EQ          shift, and go to state 51
    GE          shift, and go to state 52
    GT          shift, and go to state 53
    LE          shift, and go to state 54
    LT          shift, and go to state 55
    MINUS       shift, and go to state 56
    MOD         shift, and go to state 57
    NE          shift, and go to state 58
    OR          shift, and go to state 59
    PLUS        shift, and go to state 60
    RPAR        shift, and go to state 68


State 40

   44 Expr: Expr . ASSIGN Expr
   45     | Expr . COMMA Expr
   46     | Expr . PLUS Expr
   47     | Expr . MINUS Expr
   48     | Expr . MUL Expr
   49     | Expr . DIV Expr
   50     | Expr . MOD Expr
   51     | Expr . OR Expr
   52     | Expr . AND Expr
   53     | Expr . BITWISEAND Expr
   54     | Expr . BITWISEOR Expr
   55     | Expr . BITWISEXOR Expr
   56     | Expr . EQ Expr
   57     | Expr . NE Expr
   58     | Expr . LE Expr
   59     | Expr . GE Expr
   60     | Expr . LT Expr
   61     | Expr . GT Expr
   63     | MINUS Expr .

    MUL  shift, and go to state 48
    DIV  shift, and go to state 50
    MOD  shift, and go to state 57

    $default  reduce using rule 63 (Expr)


State 41

   44 Expr: Expr . ASSIGN Expr
   45     | Expr . COMMA Expr
   46     | Expr . PLUS Expr
   47     | Expr . MINUS Expr
   48     | Expr . MUL Expr
   49     | Expr . DIV Expr
   50     | Expr . MOD Expr
   51     | Expr . OR Expr
   52     | Expr . AND Expr
   53     | Expr . BITWISEAND Expr
   54     | Expr . BITWISEOR Expr
   55     | Expr . BITWISEXOR Expr
   56     | Expr . EQ Expr
   57     | Expr . NE Expr
   58     | Expr . LE Expr
   59     | Expr . GE Expr
   60     | Expr . LT Expr
   61     | Expr . GT Expr
   64     | NOT Expr .

    $default  reduce using rule 64 (Expr)


State 42

   44 Expr: Expr . ASSIGN Expr
   45     | Expr . COMMA Expr
   46     | Expr . PLUS Expr
   47     | Expr . MINUS Expr
   48     | Expr . MUL Expr
   49     | Expr . DIV Expr
   50     | Expr . MOD Expr
   51     | Expr . OR Expr
   52     | Expr . AND Expr
   53     | Expr . BITWISEAND Expr
   54     | Expr . BITWISEOR Expr
   55     | Expr . BITWISEXOR Expr
   56     | Expr . EQ Expr
   57     | Expr . NE Expr
   58     | Expr . LE Expr
   59     | Expr . GE Expr
   60     | Expr . LT Expr
   61     | Expr . GT Expr
   62     | PLUS Expr .

    MUL  shift, and go to state 48
    DIV  shift, and go to state 50
    MOD  shift, and go to state 57

    $default  reduce using rule 62 (Expr)


State 43

   53 Expr: Expr BITWISEAND . Expr

    CHRLIT   shift, and go to state 24
    REALLIT  shift, and go to state 25
    INTLIT   shift, and go to state 26
    ID       shift, and go to state 27
    LPAR     shift, and go to state 28
    MINUS    shift, and go to state 29
    NOT      shift, and go to state 30
    PLUS     shift, and go to state 31

    Expr  go to state 69


State 44

   54 Expr: Expr BITWISEOR . Expr

    CHRLIT   shift, and go to state 24
    REALLIT  shift, and go to state 25
    INTLIT   shift, and go to state 26
    ID       shift, and go to state 27
    LPAR     shift, and go to state 28
    MINUS    shift, and go to state 29
    NOT      shift, and go to state 30
    PLUS     shift, and go to state 31

    Expr  go to state 70


State 45

   55 Expr: Expr BITWISEXOR . Expr

    CHRLIT   shift, and go to state 24
    REALLIT  shift, and go to state 25
    INTLIT   shift, and go to state 26
    ID       shift, and go to state 27
    LPAR     shift, and go to state 28
    MINUS    shift, and go to state 29
    NOT      shift, and go to state 30
    PLUS     shift, and go to state 31

    Expr  go to state 71


State 46

   52 Expr: Expr AND . Expr

    CHRLIT   shift, and go to state 24
    REALLIT  shift, and go to state 25
    INTLIT   shift, and go to state 26
    ID       shift, and go to state 27
    LPAR     shift, and go to state 28
    MINUS    shift, and go to state 29
    NOT      shift, and go to state 30
    PLUS     shift, and go to state 31

    Expr  go to state 72


State 47

   44 Expr: Expr ASSIGN . Expr

    CHRLIT   shift, and go to state 24
    REALLIT  shift, and go to state 25
    INTLIT   shift, and go to state 26
    ID       shift, and go to state 27
    LPAR     shift, and go to state 28
    MINUS    shift, and go to state 29
    NOT      shift, and go to state 30
    PLUS     shift, and go to state 31

    Expr  go to state 73


State 48

   48 Expr: Expr MUL . Expr

    CHRLIT   shift, and go to state 24
    REALLIT  shift, and go to state 25
    INTLIT   shift, and go to state 26
    ID       shift, and go to state 27
    LPAR     shift, and go to state 28
    MINUS    shift, and go to state 29
    NOT      shift, and go to state 30
    PLUS     shift, and go to state 31

    Expr  go to state 74


State 49

   45 Expr: Expr COMMA . Expr

    CHRLIT   shift, and go to state 24
    REALLIT  shift, and go to state 25
    INTLIT   shift, and go to state 26
    ID       shift, and go to state 27
    LPAR     shift, and go to state 28
    MINUS    shift, and go to state 29
    NOT      shift, and go to state 30
    PLUS     shift, and go to state 31

    Expr  go to state 75


State 50

   49 Expr: Expr DIV . Expr

    CHRLIT   shift, and go to state 24
    REALLIT  shift, and go to state 25
    INTLIT   shift, and go to state 26
    ID       shift, and go to state 27
    LPAR     shift, and go to state 28
    MINUS    shift, and go to state 29
    NOT      shift, and go to state 30
    PLUS     shift, and go to state 31

    Expr  go to state 76


State 51

   56 Expr: Expr EQ . Expr

    CHRLIT   shift, and go to state 24
    REALLIT  shift, and go to state 25
    INTLIT   shift, and go to state 26
    ID       shift, and go to state 27
    LPAR     shift, and go to state 28
    MINUS    shift, and go to state 29
    NOT      shift, and go to state 30
    PLUS     shift, and go to state 31

    Expr  go to state 77


State 52

   59 Expr: Expr GE . Expr

    CHRLIT   shift, and go to state 24
    REALLIT  shift, and go to state 25
    INTLIT   shift, and go to state 26
    ID       shift, and go to state 27
    LPAR     shift, and go to state 28
    MINUS    shift, and go to state 29
    NOT      shift, and go to state 30
    PLUS     shift, and go to state 31

    Expr  go to state 78


State 53

   61 Expr: Expr GT . Expr

    CHRLIT   shift, and go to state 24
    REALLIT  shift, and go to state 25
    INTLIT   shift, and go to state 26
    ID       shift, and go to state 27
    LPAR     shift, and go to state 28
    MINUS    shift, and go to state 29
    NOT      shift, and go to state 30
    PLUS     shift, and go to state 31

    Expr  go to state 79


State 54

   58 Expr: Expr LE . Expr

    CHRLIT   shift, and go to state 24
    REALLIT  shift, and go to state 25
    INTLIT   shift, and go to state 26
    ID       shift, and go to state 27
    LPAR     shift, and go to state 28
    MINUS    shift, and go to state 29
    NOT      shift, and go to state 30
    PLUS     shift, and go to state 31

    Expr  go to state 80


State 55

   60 Expr: Expr LT . Expr

    CHRLIT   shift, and go to state 24
    REALLIT  shift, and go to state 25
    INTLIT   shift, and go to state 26
    ID       shift, and go to state 27
    LPAR     shift, and go to state 28
    MINUS    shift, and go to state 29
    NOT      shift, and go to state 30
    PLUS     shift, and go to state 31

    Expr  go to state 81


State 56

   47 Expr: Expr MINUS . Expr

    CHRLIT   shift, and go to state 24
    REALLIT  shift, and go to state 25
    INTLIT   shift, and go to state 26
    ID       shift, and go to state 27
    LPAR     shift, and go to state 28
    MINUS    shift, and go to state 29
    NOT      shift, and go to state 30
    PLUS     shift, and go to state 31

    Expr  go to state 82


State 57

   50 Expr: Expr MOD . Expr

    CHRLIT   shift, and go to state 24
    REALLIT  shift, and go to state 25
    INTLIT   shift, and go to state 26
    ID       shift, and go to state 27
    LPAR     shift, and go to state 28
    MINUS    shift, and go to state 29
    NOT      shift, and go to state 30
    PLUS     shift, and go to state 31

    Expr  go to state 83


State 58

   57 Expr: Expr NE . Expr

    CHRLIT   shift, and go to state 24
    REALLIT  shift, and go to state 25
    INTLIT   shift, and go to state 26
    ID       shift, and go to state 27
    LPAR     shift, and go to state 28
    MINUS    shift, and go to state 29
    NOT      shift, and go to state 30
    PLUS     shift, and go to state 31

    Expr  go to state 84


State 59

   51 Expr: Expr OR . Expr

    CHRLIT   shift, and go to state 24
    REALLIT  shift, and go to state 25
    INTLIT   shift, and go to state 26
    ID       shift, and go to state 27
    LPAR     shift, and go to state 28
    MINUS    shift, and go to state 29
    NOT      shift, and go to state 30
    PLUS     shift, and go to state 31

    Expr  go to state 85


State 60

   46 Expr: Expr PLUS . Expr

    CHRLIT   shift, and go to state 24
    REALLIT  shift, and go to state 25
    INTLIT   shift, and go to state 26
    ID       shift, and go to state 27
    LPAR     shift, and go to state 28
    MINUS    shift, and go to state 29
    NOT      shift, and go to state 30
    PLUS     shift, and go to state 31

    Expr  go to state 86


State 61

   15 ParameterDeclaration: ID .

    $default  reduce using rule 15 (ParameterDeclaration)


State 62

   12 ParameterList: TypeSpec ParameterDeclaration . ParameterExtra

    COMMA  shift, and go to state 87

    $default  reduce using rule 14 (ParameterExtra)

    ParameterExtra  go to state 88


State 63

   11 FunctionDeclarator: ID LPAR ParameterList RPAR . FunctionHelper

    LBRACE  shift, and go to state 89
    SEMI    shift, and go to state 90

    FunctionHelper  go to state 91


State 64

   27 DeclarationExtra: COMMA Declarator DeclarationExtra .

    $default  reduce using rule 27 (DeclarationExtra)


State 65

   70 Expr: ID LPAR error . RPAR

    RPAR  shift, and go to state 92


State 66

   44 Expr: Expr . ASSIGN Expr
   45     | Expr . COMMA Expr
   46     | Expr . PLUS Expr
   47     | Expr . MINUS Expr
   48     | Expr . MUL Expr
   49     | Expr . DIV Expr
   50     | Expr . MOD Expr
   51     | Expr . OR Expr
   52     | Expr . AND Expr
   53     | Expr . BITWISEAND Expr
   54     | Expr . BITWISEOR Expr
   55     | Expr . BITWISEXOR Expr
   56     | Expr . EQ Expr
   57     | Expr . NE Expr
   58     | Expr . LE Expr
   59     | Expr . GE Expr
   60     | Expr . LT Expr
   61     | Expr . GT Expr
   69     | ID LPAR Expr . RPAR

    BITWISEAND  shift, and go to state 43
    BITWISEOR   shift, and go to state 44
    BITWISEXOR  shift, and go to state 45
    AND         shift, and go to state 46
    ASSIGN      shift, and go to state 47
    MUL         shift, and go to state 48
    COMMA       shift, and go to state 49
    DIV         shift, and go to state 50
    EQ          shift, and go to state 51
    GE          shift, and go to state 52
    GT          shift, and go to state 53
    LE          shift, and go to state 54
    LT          shift, and go to state 55
    MINUS       shift, and go to state 56
    MOD         shift, and go to state 57
    NE          shift, and go to state 58
    OR          shift, and go to state 59
    PLUS        shift, and go to state 60
    RPAR        shift, and go to state 93


State 67

   72 Expr: LPAR error RPAR .

    $default  reduce using rule 72 (Expr)


State 68

   71 Expr: LPAR Expr RPAR .

    $default  reduce using rule 71 (Expr)


State 69

   44 Expr: Expr . ASSIGN Expr
   45     | Expr . COMMA Expr
   46     | Expr . PLUS Expr
   47     | Expr . MINUS Expr
   48     | Expr . MUL Expr
   49     | Expr . DIV Expr
   50     | Expr . MOD Expr
   51     | Expr . OR Expr
   52     | Expr . AND Expr
   53     | Expr . BITWISEAND Expr
   53     | Expr BITWISEAND Expr .
   54     | Expr . BITWISEOR Expr
   55     | Expr . BITWISEXOR Expr
   56     | Expr . EQ Expr
   57     | Expr . NE Expr
   58     | Expr . LE Expr
   59     | Expr . GE Expr
   60     | Expr . LT Expr
   61     | Expr . GT Expr

    MUL    shift, and go to state 48
    DIV    shift, and go to state 50
    EQ     shift, and go to state 51
    GE     shift, and go to state 52
    GT     shift, and go to state 53
    LE     shift, and go to state 54
    LT     shift, and go to state 55
    MINUS  shift, and go to state 56
    MOD    shift, and go to state 57
    NE     shift, and go to state 58
    PLUS   shift, and go to state 60

    $default  reduce using rule 53 (Expr)


State 70

   44 Expr: Expr . ASSIGN Expr
   45     | Expr . COMMA Expr
   46     | Expr . PLUS Expr
   47     | Expr . MINUS Expr
   48     | Expr . MUL Expr
   49     | Expr . DIV Expr
   50     | Expr . MOD Expr
   51     | Expr . OR Expr
   52     | Expr . AND Expr
   53     | Expr . BITWISEAND Expr
   54     | Expr . BITWISEOR Expr
   54     | Expr BITWISEOR Expr .
   55     | Expr . BITWISEXOR Expr
   56     | Expr . EQ Expr
   57     | Expr . NE Expr
   58     | Expr . LE Expr
   59     | Expr . GE Expr
   60     | Expr . LT Expr
   61     | Expr . GT Expr

    BITWISEAND  shift, and go to state 43
    BITWISEXOR  shift, and go to state 45
    MUL         shift, and go to state 48
    DIV         shift, and go to state 50
    EQ          shift, and go to state 51
    GE          shift, and go to state 52
    GT          shift, and go to state 53
    LE          shift, and go to state 54
    LT          shift, and go to state 55
    MINUS       shift, and go to state 56
    MOD         shift, and go to state 57
    NE          shift, and go to state 58
    PLUS        shift, and go to state 60

    $default  reduce using rule 54 (Expr)


State 71

   44 Expr: Expr . ASSIGN Expr
   45     | Expr . COMMA Expr
   46     | Expr . PLUS Expr
   47     | Expr . MINUS Expr
   48     | Expr . MUL Expr
   49     | Expr . DIV Expr
   50     | Expr . MOD Expr
   51     | Expr . OR Expr
   52     | Expr . AND Expr
   53     | Expr . BITWISEAND Expr
   54     | Expr . BITWISEOR Expr
   55     | Expr . BITWISEXOR Expr
   55     | Expr BITWISEXOR Expr .
   56     | Expr . EQ Expr
   57     | Expr . NE Expr
   58     | Expr . LE Expr
   59     | Expr . GE Expr
   60     | Expr . LT Expr
   61     | Expr . GT Expr

    BITWISEAND  shift, and go to state 43
    MUL         shift, and go to state 48
    DIV         shift, and go to state 50
    EQ          shift, and go to state 51
    GE          shift, and go to state 52
    GT          shift, and go to state 53
    LE          shift, and go to state 54
    LT          shift, and go to state 55
    MINUS       shift, and go to state 56
    MOD         shift, and go to state 57
    NE          shift, and go to state 58
    PLUS        shift, and go to state 60

    $default  reduce using rule 55 (Expr)


State 72

   44 Expr: Expr . ASSIGN Expr
   45     | Expr . COMMA Expr
   46     | Expr . PLUS Expr
   47     | Expr . MINUS Expr
   48     | Expr . MUL Expr
   49     | Expr . DIV Expr
   50     | Expr . MOD Expr
   51     | Expr . OR Expr
   52     | Expr . AND Expr
   52     | Expr AND Expr .
   53     | Expr . BITWISEAND Expr
   54     | Expr . BITWISEOR Expr
   55     | Expr . BITWISEXOR Expr
   56     | Expr . EQ Expr
   57     | Expr . NE Expr
   58     | Expr . LE Expr
   59     | Expr . GE Expr
   60     | Expr . LT Expr
   61     | Expr . GT Expr

    BITWISEAND  shift, and go to state 43
    BITWISEOR   shift, and go to state 44
    BITWISEXOR  shift, and go to state 45
    MUL         shift, and go to state 48
    DIV         shift, and go to state 50
    EQ          shift, and go to state 51
    GE          shift, and go to state 52
    GT          shift, and go to state 53
    LE          shift, and go to state 54
    LT          shift, and go to state 55
    MINUS       shift, and go to state 56
    MOD         shift, and go to state 57
    NE          shift, and go to state 58
    PLUS        shift, and go to state 60

    $default  reduce using rule 52 (Expr)


State 73

   44 Expr: Expr . ASSIGN Expr
   44     | Expr ASSIGN Expr .
   45     | Expr . COMMA Expr
   46     | Expr . PLUS Expr
   47     | Expr . MINUS Expr
   48     | Expr . MUL Expr
   49     | Expr . DIV Expr
   50     | Expr . MOD Expr
   51     | Expr . OR Expr
   52     | Expr . AND Expr
   53     | Expr . BITWISEAND Expr
   54     | Expr . BITWISEOR Expr
   55     | Expr . BITWISEXOR Expr
   56     | Expr . EQ Expr
   57     | Expr . NE Expr
   58     | Expr . LE Expr
   59     | Expr . GE Expr
   60     | Expr . LT Expr
   61     | Expr . GT Expr

    BITWISEAND  shift, and go to state 43
    BITWISEOR   shift, and go to state 44
    BITWISEXOR  shift, and go to state 45
    AND         shift, and go to state 46
    ASSIGN      shift, and go to state 47
    MUL         shift, and go to state 48
    DIV         shift, and go to state 50
    EQ          shift, and go to state 51
    GE          shift, and go to state 52
    GT          shift, and go to state 53
    LE          shift, and go to state 54
    LT          shift, and go to state 55
    MINUS       shift, and go to state 56
    MOD         shift, and go to state 57
    NE          shift, and go to state 58
    OR          shift, and go to state 59
    PLUS        shift, and go to state 60

    $default  reduce using rule 44 (Expr)


State 74

   44 Expr: Expr . ASSIGN Expr
   45     | Expr . COMMA Expr
   46     | Expr . PLUS Expr
   47     | Expr . MINUS Expr
   48     | Expr . MUL Expr
   48     | Expr MUL Expr .
   49     | Expr . DIV Expr
   50     | Expr . MOD Expr
   51     | Expr . OR Expr
   52     | Expr . AND Expr
   53     | Expr . BITWISEAND Expr
   54     | Expr . BITWISEOR Expr
   55     | Expr . BITWISEXOR Expr
   56     | Expr . EQ Expr
   57     | Expr . NE Expr
   58     | Expr . LE Expr
   59     | Expr . GE Expr
   60     | Expr . LT Expr
   61     | Expr . GT Expr

    $default  reduce using rule 48 (Expr)


State 75

   44 Expr: Expr . ASSIGN Expr
   45     | Expr . COMMA Expr
   45     | Expr COMMA Expr .
   46     | Expr . PLUS Expr
   47     | Expr . MINUS Expr
   48     | Expr . MUL Expr
   49     | Expr . DIV Expr
   50     | Expr . MOD Expr
   51     | Expr . OR Expr
   52     | Expr . AND Expr
   53     | Expr . BITWISEAND Expr
   54     | Expr . BITWISEOR Expr
   55     | Expr . BITWISEXOR Expr
   56     | Expr . EQ Expr
   57     | Expr . NE Expr
   58     | Expr . LE Expr
   59     | Expr . GE Expr
   60     | Expr . LT Expr
   61     | Expr . GT Expr

    BITWISEAND  shift, and go to state 43
    BITWISEOR   shift, and go to state 44
    BITWISEXOR  shift, and go to state 45
    AND         shift, and go to state 46
    ASSIGN      shift, and go to state 47
    MUL         shift, and go to state 48
    DIV         shift, and go to state 50
    EQ          shift, and go to state 51
    GE          shift, and go to state 52
    GT          shift, and go to state 53
    LE          shift, and go to state 54
    LT          shift, and go to state 55
    MINUS       shift, and go to state 56
    MOD         shift, and go to state 57
    NE          shift, and go to state 58
    OR          shift, and go to state 59
    PLUS        shift, and go to state 60

    $default  reduce using rule 45 (Expr)


State 76

   44 Expr: Expr . ASSIGN Expr
   45     | Expr . COMMA Expr
   46     | Expr . PLUS Expr
   47     | Expr . MINUS Expr
   48     | Expr . MUL Expr
   49     | Expr . DIV Expr
   49     | Expr DIV Expr .
   50     | Expr . MOD Expr
   51     | Expr . OR Expr
   52     | Expr . AND Expr
   53     | Expr . BITWISEAND Expr
   54     | Expr . BITWISEOR Expr
   55     | Expr . BITWISEXOR Expr
   56     | Expr . EQ Expr
   57     | Expr . NE Expr
   58     | Expr . LE Expr
   59     | Expr . GE Expr
   60     | Expr . LT Expr
   61     | Expr . GT Expr

    $default  reduce using rule 49 (Expr)


State 77

   44 Expr: Expr . ASSIGN Expr
   45     | Expr . COMMA Expr
   46     | Expr . PLUS Expr
   47     | Expr . MINUS Expr
   48     | Expr . MUL Expr
   49     | Expr . DIV Expr
   50     | Expr . MOD Expr
   51     | Expr . OR Expr
   52     | Expr . AND Expr
   53     | Expr . BITWISEAND Expr
   54     | Expr . BITWISEOR Expr
   55     | Expr . BITWISEXOR Expr
   56     | Expr . EQ Expr
   56     | Expr EQ Expr .
   57     | Expr . NE Expr
   58     | Expr . LE Expr
   59     | Expr . GE Expr
   60     | Expr . LT Expr
   61     | Expr . GT Expr

    MUL    shift, and go to state 48
    DIV    shift, and go to state 50
    GE     shift, and go to state 52
    GT     shift, and go to state 53
    LE     shift, and go to state 54
    LT     shift, and go to state 55
    MINUS  shift, and go to state 56
    MOD    shift, and go to state 57
    PLUS   shift, and go to state 60

    $default  reduce using rule 56 (Expr)


State 78

   44 Expr: Expr . ASSIGN Expr
   45     | Expr . COMMA Expr
   46     | Expr . PLUS Expr
   47     | Expr . MINUS Expr
   48     | Expr . MUL Expr
   49     | Expr . DIV Expr
   50     | Expr . MOD Expr
   51     | Expr . OR Expr
   52     | Expr . AND Expr
   53     | Expr . BITWISEAND Expr
   54     | Expr . BITWISEOR Expr
   55     | Expr . BITWISEXOR Expr
   56     | Expr . EQ Expr
   57     | Expr . NE Expr
   58     | Expr . LE Expr
   59     | Expr . GE Expr
   59     | Expr GE Expr .
   60     | Expr . LT Expr
   61     | Expr . GT Expr

    MUL    shift, and go to state 48
    DIV    shift, and go to state 50
    MINUS  shift, and go to state 56
    MOD    shift, and go to state 57
    PLUS   shift, and go to state 60

    $default  reduce using rule 59 (Expr)


State 79

   44 Expr: Expr . ASSIGN Expr
   45     | Expr . COMMA Expr
   46     | Expr . PLUS Expr
   47     | Expr . MINUS Expr
   48     | Expr . MUL Expr
   49     | Expr . DIV Expr
   50     | Expr . MOD Expr
   51     | Expr . OR Expr
   52     | Expr . AND Expr
   53     | Expr . BITWISEAND Expr
   54     | Expr . BITWISEOR Expr
   55     | Expr . BITWISEXOR Expr
   56     | Expr . EQ Expr
   57     | Expr . NE Expr
   58     | Expr . LE Expr
   59     | Expr . GE Expr
   60     | Expr . LT Expr
   61     | Expr . GT Expr
   61     | Expr GT Expr .

    MUL    shift, and go to state 48
    DIV    shift, and go to state 50
    MINUS  shift, and go to state 56
    MOD    shift, and go to state 57
    PLUS   shift, and go to state 60

    $default  reduce using rule 61 (Expr)


State 80

   44 Expr: Expr . ASSIGN Expr
   45     | Expr . COMMA Expr
   46     | Expr . PLUS Expr
   47     | Expr . MINUS Expr
   48     | Expr . MUL Expr
   49     | Expr . DIV Expr
   50     | Expr . MOD Expr
   51     | Expr . OR Expr
   52     | Expr . AND Expr
   53     | Expr . BITWISEAND Expr
   54     | Expr . BITWISEOR Expr
   55     | Expr . BITWISEXOR Expr
   56     | Expr . EQ Expr
   57     | Expr . NE Expr
   58     | Expr . LE Expr
   58     | Expr LE Expr .
   59     | Expr . GE Expr
   60     | Expr . LT Expr
   61     | Expr . GT Expr

    MUL    shift, and go to state 48
    DIV    shift, and go to state 50
    MINUS  shift, and go to state 56
    MOD    shift, and go to state 57
    PLUS   shift, and go to state 60

    $default  reduce using rule 58 (Expr)


State 81

   44 Expr: Expr . ASSIGN Expr
   45     | Expr . COMMA Expr
   46     | Expr . PLUS Expr
   47     | Expr . MINUS Expr
   48     | Expr . MUL Expr
   49     | Expr . DIV Expr
   50     | Expr . MOD Expr
   51     | Expr . OR Expr
   52     | Expr . AND Expr
   53     | Expr . BITWISEAND Expr
   54     | Expr . BITWISEOR Expr
   55     | Expr . BITWISEXOR Expr
   56     | Expr . EQ Expr
   57     | Expr . NE Expr
   58     | Expr . LE Expr
   59     | Expr . GE Expr
   60     | Expr . LT Expr
   60     | Expr LT Expr .
   61     | Expr . GT Expr

    MUL    shift, and go to state 48
    DIV    shift, and go to state 50
    MINUS  shift, and go to state 56
    MOD    shift, and go to state 57
    PLUS   shift, and go to state 60

    $default  reduce using rule 60 (Expr)


State 82

   44 Expr: Expr . ASSIGN Expr
   45     | Expr . COMMA Expr
   46     | Expr . PLUS Expr
   47     | Expr . MINUS Expr
   47     | Expr MINUS Expr .
   48     | Expr . MUL Expr
   49     | Expr . DIV Expr
   50     | Expr . MOD Expr
   51     | Expr . OR Expr
   52     | Expr . AND Expr
   53     | Expr . BITWISEAND Expr
   54     | Expr . BITWISEOR Expr
   55     | Expr . BITWISEXOR Expr
   56     | Expr . EQ Expr
   57     | Expr . NE Expr
   58     | Expr . LE Expr
   59     | Expr . GE Expr
   60     | Expr . LT Expr
   61     | Expr . GT Expr

    MUL  shift, and go to state 48
    DIV  shift, and go to state 50
    MOD  shift, and go to state 57

    $default  reduce using rule 47 (Expr)


State 83

   44 Expr: Expr . ASSIGN Expr
   45     | Expr . COMMA Expr
   46     | Expr . PLUS Expr
   47     | Expr . MINUS Expr
   48     | Expr . MUL Expr
   49     | Expr . DIV Expr
   50     | Expr . MOD Expr
   50     | Expr MOD Expr .
   51     | Expr . OR Expr
   52     | Expr . AND Expr
   53     | Expr . BITWISEAND Expr
   54     | Expr . BITWISEOR Expr
   55     | Expr . BITWISEXOR Expr
   56     | Expr . EQ Expr
   57     | Expr . NE Expr
   58     | Expr . LE Expr
   59     | Expr . GE Expr
   60     | Expr . LT Expr
   61     | Expr . GT Expr

    $default  reduce using rule 50 (Expr)


State 84

   44 Expr: Expr . ASSIGN Expr
   45     | Expr . COMMA Expr
   46     | Expr . PLUS Expr
   47     | Expr . MINUS Expr
   48     | Expr . MUL Expr
   49     | Expr . DIV Expr
   50     | Expr . MOD Expr
   51     | Expr . OR Expr
   52     | Expr . AND Expr
   53     | Expr . BITWISEAND Expr
   54     | Expr . BITWISEOR Expr
   55     | Expr . BITWISEXOR Expr
   56     | Expr . EQ Expr
   57     | Expr . NE Expr
   57     | Expr NE Expr .
   58     | Expr . LE Expr
   59     | Expr . GE Expr
   60     | Expr . LT Expr
   61     | Expr . GT Expr

    MUL    shift, and go to state 48
    DIV    shift, and go to state 50
    GE     shift, and go to state 52
    GT     shift, and go to state 53
    LE     shift, and go to state 54
    LT     shift, and go to state 55
    MINUS  shift, and go to state 56
    MOD    shift, and go to state 57
    PLUS   shift, and go to state 60

    $default  reduce using rule 57 (Expr)


State 85

   44 Expr: Expr . ASSIGN Expr
   45     | Expr . COMMA Expr
   46     | Expr . PLUS Expr
   47     | Expr . MINUS Expr
   48     | Expr . MUL Expr
   49     | Expr . DIV Expr
   50     | Expr . MOD Expr
   51     | Expr . OR Expr
   51     | Expr OR Expr .
   52     | Expr . AND Expr
   53     | Expr . BITWISEAND Expr
   54     | Expr . BITWISEOR Expr
   55     | Expr . BITWISEXOR Expr
   56     | Expr . EQ Expr
   57     | Expr . NE Expr
   58     | Expr . LE Expr
   59     | Expr . GE Expr
   60     | Expr . LT Expr
   61     | Expr . GT Expr

    BITWISEAND  shift, and go to state 43
    BITWISEOR   shift, and go to state 44
    BITWISEXOR  shift, and go to state 45
    AND         shift, and go to state 46
    MUL         shift, and go to state 48
    DIV         shift, and go to state 50
    EQ          shift, and go to state 51
    GE          shift, and go to state 52
    GT          shift, and go to state 53
    LE          shift, and go to state 54
    LT          shift, and go to state 55
    MINUS       shift, and go to state 56
    MOD         shift, and go to state 57
    NE          shift, and go to state 58
    PLUS        shift, and go to state 60

    $default  reduce using rule 51 (Expr)


State 86

   44 Expr: Expr . ASSIGN Expr
   45     | Expr . COMMA Expr
   46     | Expr . PLUS Expr
   46     | Expr PLUS Expr .
   47     | Expr . MINUS Expr
   48     | Expr . MUL Expr
   49     | Expr . DIV Expr
   50     | Expr . MOD Expr
   51     | Expr . OR Expr
   52     | Expr . AND Expr
   53     | Expr . BITWISEAND Expr
   54     | Expr . BITWISEOR Expr
   55     | Expr . BITWISEXOR Expr
   56     | Expr . EQ Expr
   57     | Expr . NE Expr
   58     | Expr . LE Expr
   59     | Expr . GE Expr
   60     | Expr . LT Expr
   61     | Expr . GT Expr

    MUL  shift, and go to state 48
    DIV  shift, and go to state 50
    MOD  shift, and go to state 57

    $default  reduce using rule 46 (Expr)


State 87

   13 ParameterExtra: COMMA . TypeSpec ParameterDeclaration ParameterExtra

    CHAR    shift, and go to state 1
    INT     shift, and go to state 2
    SHORT   shift, and go to state 3
    DOUBLE  shift, and go to state 4
    VOID    shift, and go to state 5

    TypeSpec  go to state 94


State 88

   12 ParameterList: TypeSpec ParameterDeclaration ParameterExtra .

    $default  reduce using rule 12 (ParameterList)


State 89

   17 FunctionHelper: LBRACE . FunctionBody RBRACE

    error    shift, and go to state 95
    CHRLIT   shift, and go to state 24
    REALLIT  shift, and go to state 25
    INTLIT   shift, and go to state 26
    ID       shift, and go to state 27
    CHAR     shift, and go to state 1
    WHILE    shift, and go to state 96
    IF       shift, and go to state 97
    INT      shift, and go to state 2
    SHORT    shift, and go to state 3
    DOUBLE   shift, and go to state 4
    RETURN   shift, and go to state 98
    VOID     shift, and go to state 5
    LBRACE   shift, and go to state 99
    LPAR     shift, and go to state 28
    MINUS    shift, and go to state 29
    NOT      shift, and go to state 30
    PLUS     shift, and go to state 31

    RBRACE  reduce using rule 20 (FunctionBody)

    TypeSpec                   go to state 100
    FunctionBody               go to state 101
    DeclarationsAndStatements  go to state 102
    Statement                  go to state 103
    Expr                       go to state 104


State 90

   18 FunctionHelper: SEMI .

    $default  reduce using rule 18 (FunctionHelper)


State 91

   11 FunctionDeclarator: ID LPAR ParameterList RPAR FunctionHelper .

    $default  reduce using rule 11 (FunctionDeclarator)


State 92

   70 Expr: ID LPAR error RPAR .

    $default  reduce using rule 70 (Expr)


State 93

   69 Expr: ID LPAR Expr RPAR .

    $default  reduce using rule 69 (Expr)


State 94

   13 ParameterExtra: COMMA TypeSpec . ParameterDeclaration ParameterExtra

    ID  shift, and go to state 61

    $default  reduce using rule 16 (ParameterDeclaration)

    ParameterDeclaration  go to state 105


State 95

   32 Statement: error . SEMI

    SEMI  shift, and go to state 106


State 96

   35 Statement: WHILE . LPAR Expr RPAR Statement

    LPAR  shift, and go to state 107


State 97

   34 Statement: IF . LPAR Expr RPAR Statement StatementElse

    LPAR  shift, and go to state 108


State 98

   36 Statement: RETURN . StatementReturn

    CHRLIT   shift, and go to state 24
    REALLIT  shift, and go to state 25
    INTLIT   shift, and go to state 26
    ID       shift, and go to state 27
    LPAR     shift, and go to state 28
    MINUS    shift, and go to state 29
    NOT      shift, and go to state 30
    PLUS     shift, and go to state 31
    SEMI     shift, and go to state 109

    StatementReturn  go to state 110
    Expr             go to state 111


State 99

   33 Statement: LBRACE . StatementBrace

    error    shift, and go to state 112
    CHRLIT   shift, and go to state 24
    REALLIT  shift, and go to state 25
    INTLIT   shift, and go to state 26
    ID       shift, and go to state 27
    WHILE    shift, and go to state 96
    IF       shift, and go to state 97
    RETURN   shift, and go to state 98
    LBRACE   shift, and go to state 99
    LPAR     shift, and go to state 28
    MINUS    shift, and go to state 29
    NOT      shift, and go to state 30
    PLUS     shift, and go to state 31

    Statement       go to state 113
    StatementBrace  go to state 114
    Expr            go to state 104


State 100

   22 DeclarationsAndStatements: TypeSpec . Declaration DeclarationsAndStatementsRep

    error  shift, and go to state 10
    ID     shift, and go to state 35

    Declaration  go to state 115
    Declarator   go to state 14


State 101

   17 FunctionHelper: LBRACE FunctionBody . RBRACE

    RBRACE  shift, and go to state 116


State 102

   19 FunctionBody: DeclarationsAndStatements .

    $default  reduce using rule 19 (FunctionBody)


State 103

   21 DeclarationsAndStatements: Statement . DeclarationsAndStatementsRep

    error    shift, and go to state 95
    CHRLIT   shift, and go to state 24
    REALLIT  shift, and go to state 25
    INTLIT   shift, and go to state 26
    ID       shift, and go to state 27
    CHAR     shift, and go to state 1
    WHILE    shift, and go to state 96
    IF       shift, and go to state 97
    INT      shift, and go to state 2
    SHORT    shift, and go to state 3
    DOUBLE   shift, and go to state 4
    RETURN   shift, and go to state 98
    VOID     shift, and go to state 5
    LBRACE   shift, and go to state 99
    LPAR     shift, and go to state 28
    MINUS    shift, and go to state 29
    NOT      shift, and go to state 30
    PLUS     shift, and go to state 31

    RBRACE  reduce using rule 24 (DeclarationsAndStatementsRep)

    TypeSpec                      go to state 100
    DeclarationsAndStatements     go to state 117
    DeclarationsAndStatementsRep  go to state 118
    Statement                     go to state 103
    Expr                          go to state 104


State 104

   31 Statement: Expr . SEMI
   44 Expr: Expr . ASSIGN Expr
   45     | Expr . COMMA Expr
   46     | Expr . PLUS Expr
   47     | Expr . MINUS Expr
   48     | Expr . MUL Expr
   49     | Expr . DIV Expr
   50     | Expr . MOD Expr
   51     | Expr . OR Expr
   52     | Expr . AND Expr
   53     | Expr . BITWISEAND Expr
   54     | Expr . BITWISEOR Expr
   55     | Expr . BITWISEXOR Expr
   56     | Expr . EQ Expr
   57     | Expr . NE Expr
   58     | Expr . LE Expr
   59     | Expr . GE Expr
   60     | Expr . LT Expr
   61     | Expr . GT Expr

    BITWISEAND  shift, and go to state 43
    BITWISEOR   shift, and go to state 44
    BITWISEXOR  shift, and go to state 45
    AND         shift, and go to state 46
    ASSIGN      shift, and go to state 47
    MUL         shift, and go to state 48
    COMMA       shift, and go to state 49
    DIV         shift, and go to state 50
    EQ          shift, and go to state 51
    GE          shift, and go to state 52
    GT          shift, and go to state 53
    LE          shift, and go to state 54
    LT          shift, and go to state 55
    MINUS       shift, and go to state 56
    MOD         shift, and go to state 57
    NE          shift, and go to state 58
    OR          shift, and go to state 59
    PLUS        shift, and go to state 60
    SEMI        shift, and go to state 119


State 105

   13 ParameterExtra: COMMA TypeSpec ParameterDeclaration . ParameterExtra

    COMMA  shift, and go to state 87

    $default  reduce using rule 14 (ParameterExtra)

    ParameterExtra  go to state 120


State 106

   32 Statement: error SEMI .

    $default  reduce using rule 32 (Statement)


State 107

   35 Statement: WHILE LPAR . Expr RPAR Statement

    CHRLIT   shift, and go to state 24
    REALLIT  shift, and go to state 25
    INTLIT   shift, and go to state 26
    ID       shift, and go to state 27
    LPAR     shift, and go to state 28
    MINUS    shift, and go to state 29
    NOT      shift, and go to state 30
    PLUS     shift, and go to state 31

    Expr  go to state 121


State 108

   34 Statement: IF LPAR . Expr RPAR Statement StatementElse

    CHRLIT   shift, and go to state 24
    REALLIT  shift, and go to state 25
    INTLIT   shift, and go to state 26
    ID       shift, and go to state 27
    LPAR     shift, and go to state 28
    MINUS    shift, and go to state 29
    NOT      shift, and go to state 30
    PLUS     shift, and go to state 31

    Expr  go to state 122


State 109

   42 StatementReturn: SEMI .

    $default  reduce using rule 42 (StatementReturn)


State 110

   36 Statement: RETURN StatementReturn .

    $default  reduce using rule 36 (Statement)


State 111

   43 StatementReturn: Expr . SEMI
   44 Expr: Expr . ASSIGN Expr
   45     | Expr . COMMA Expr
   46     | Expr . PLUS Expr
   47     | Expr . MINUS Expr
   48     | Expr . MUL Expr
   49     | Expr . DIV Expr
   50     | Expr . MOD Expr
   51     | Expr . OR Expr
   52     | Expr . AND Expr
   53     | Expr . BITWISEAND Expr
   54     | Expr . BITWISEOR Expr
   55     | Expr . BITWISEXOR Expr
   56     | Expr . EQ Expr
   57     | Expr . NE Expr
   58     | Expr . LE Expr
   59     | Expr . GE Expr
   60     | Expr . LT Expr
   61     | Expr . GT Expr

    BITWISEAND  shift, and go to state 43
    BITWISEOR   shift, and go to state 44
    BITWISEXOR  shift, and go to state 45
    AND         shift, and go to state 46
    ASSIGN      shift, and go to state 47
    MUL         shift, and go to state 48
    COMMA       shift, and go to state 49
    DIV         shift, and go to state 50
    EQ          shift, and go to state 51
    GE          shift, and go to state 52
    GT          shift, and go to state 53
    LE          shift, and go to state 54
    LT          shift, and go to state 55
    MINUS       shift, and go to state 56
    MOD         shift, and go to state 57
    NE          shift, and go to state 58
    OR          shift, and go to state 59
    PLUS        shift, and go to state 60
    SEMI        shift, and go to state 123


State 112

   32 Statement: error . SEMI
   39 StatementBrace: error . RBRACE

    RBRACE  shift, and go to state 124
    SEMI    shift, and go to state 106


State 113

   37 StatementBrace: Statement . RBRACE
   38               | Statement . StatementBrace

    error    shift, and go to state 112
    CHRLIT   shift, and go to state 24
    REALLIT  shift, and go to state 25
    INTLIT   shift, and go to state 26
    ID       shift, and go to state 27
    WHILE    shift, and go to state 96
    IF       shift, and go to state 97
    RETURN   shift, and go to state 98
    LBRACE   shift, and go to state 99
    LPAR     shift, and go to state 28
    MINUS    shift, and go to state 29
    NOT      shift, and go to state 30
    PLUS     shift, and go to state 31
    RBRACE   shift, and go to state 125

    Statement       go to state 113
    StatementBrace  go to state 126
    Expr            go to state 104


State 114

   33 Statement: LBRACE StatementBrace .

    $default  reduce using rule 33 (Statement)


State 115

   22 DeclarationsAndStatements: TypeSpec Declaration . DeclarationsAndStatementsRep

    error    shift, and go to state 95
    CHRLIT   shift, and go to state 24
    REALLIT  shift, and go to state 25
    INTLIT   shift, and go to state 26
    ID       shift, and go to state 27
    CHAR     shift, and go to state 1
    WHILE    shift, and go to state 96
    IF       shift, and go to state 97
    INT      shift, and go to state 2
    SHORT    shift, and go to state 3
    DOUBLE   shift, and go to state 4
    RETURN   shift, and go to state 98
    VOID     shift, and go to state 5
    LBRACE   shift, and go to state 99
    LPAR     shift, and go to state 28
    MINUS    shift, and go to state 29
    NOT      shift, and go to state 30
    PLUS     shift, and go to state 31

    RBRACE  reduce using rule 24 (DeclarationsAndStatementsRep)

    TypeSpec                      go to state 100
    DeclarationsAndStatements     go to state 117
    DeclarationsAndStatementsRep  go to state 127
    Statement                     go to state 103
    Expr                          go to state 104


State 116

   17 FunctionHelper: LBRACE FunctionBody RBRACE .

    $default  reduce using rule 17 (FunctionHelper)


State 117

   23 DeclarationsAndStatementsRep: DeclarationsAndStatements .

    $default  reduce using rule 23 (DeclarationsAndStatementsRep)


State 118

   21 DeclarationsAndStatements: Statement DeclarationsAndStatementsRep .

    $default  reduce using rule 21 (DeclarationsAndStatements)


State 119

   31 Statement: Expr SEMI .

    $default  reduce using rule 31 (Statement)


State 120

   13 ParameterExtra: COMMA TypeSpec ParameterDeclaration ParameterExtra .

    $default  reduce using rule 13 (ParameterExtra)


State 121

   35 Statement: WHILE LPAR Expr . RPAR Statement
   44 Expr: Expr . ASSIGN Expr
   45     | Expr . COMMA Expr
   46     | Expr . PLUS Expr
   47     | Expr . MINUS Expr
   48     | Expr . MUL Expr
   49     | Expr . DIV Expr
   50     | Expr . MOD Expr
   51     | Expr . OR Expr
   52     | Expr . AND Expr
   53     | Expr . BITWISEAND Expr
   54     | Expr . BITWISEOR Expr
   55     | Expr . BITWISEXOR Expr
   56     | Expr . EQ Expr
   57     | Expr . NE Expr
   58     | Expr . LE Expr
   59     | Expr . GE Expr
   60     | Expr . LT Expr
   61     | Expr . GT Expr

    BITWISEAND  shift, and go to state 43
    BITWISEOR   shift, and go to state 44
    BITWISEXOR  shift, and go to state 45
    AND         shift, and go to state 46
    ASSIGN      shift, and go to state 47
    MUL         shift, and go to state 48
    COMMA       shift, and go to state 49
    DIV         shift, and go to state 50
    EQ          shift, and go to state 51
    GE          shift, and go to state 52
    GT          shift, and go to state 53
    LE          shift, and go to state 54
    LT          shift, and go to state 55
    MINUS       shift, and go to state 56
    MOD         shift, and go to state 57
    NE          shift, and go to state 58
    OR          shift, and go to state 59
    PLUS        shift, and go to state 60
    RPAR        shift, and go to state 128


State 122

   34 Statement: IF LPAR Expr . RPAR Statement StatementElse
   44 Expr: Expr . ASSIGN Expr
   45     | Expr . COMMA Expr
   46     | Expr . PLUS Expr
   47     | Expr . MINUS Expr
   48     | Expr . MUL Expr
   49     | Expr . DIV Expr
   50     | Expr . MOD Expr
   51     | Expr . OR Expr
   52     | Expr . AND Expr
   53     | Expr . BITWISEAND Expr
   54     | Expr . BITWISEOR Expr
   55     | Expr . BITWISEXOR Expr
   56     | Expr . EQ Expr
   57     | Expr . NE Expr
   58     | Expr . LE Expr
   59     | Expr . GE Expr
   60     | Expr . LT Expr
   61     | Expr . GT Expr

    BITWISEAND  shift, and go to state 43
    BITWISEOR   shift, and go to state 44
    BITWISEXOR  shift, and go to state 45
    AND         shift, and go to state 46
    ASSIGN      shift, and go to state 47
    MUL         shift, and go to state 48
    COMMA       shift, and go to state 49
    DIV         shift, and go to state 50
    EQ          shift, and go to state 51
    GE          shift, and go to state 52
    GT          shift, and go to state 53
    LE          shift, and go to state 54
    LT          shift, and go to state 55
    MINUS       shift, and go to state 56
    MOD         shift, and go to state 57
    NE          shift, and go to state 58
    OR          shift, and go to state 59
    PLUS        shift, and go to state 60
    RPAR        shift, and go to state 129


State 123

   43 StatementReturn: Expr SEMI .

    $default  reduce using rule 43 (StatementReturn)


State 124

   39 StatementBrace: error RBRACE .

    $default  reduce using rule 39 (StatementBrace)


State 125

   37 StatementBrace: Statement RBRACE .

    $default  reduce using rule 37 (StatementBrace)


State 126

   38 StatementBrace: Statement StatementBrace .

    $default  reduce using rule 38 (StatementBrace)


State 127

   22 DeclarationsAndStatements: TypeSpec Declaration DeclarationsAndStatementsRep .

    $default  reduce using rule 22 (DeclarationsAndStatements)


State 128

   35 Statement: WHILE LPAR Expr RPAR . Statement

    error    shift, and go to state 95
    CHRLIT   shift, and go to state 24
    REALLIT  shift, and go to state 25
    INTLIT   shift, and go to state 26
    ID       shift, and go to state 27
    WHILE    shift, and go to state 96
    IF       shift, and go to state 97
    RETURN   shift, and go to state 98
    LBRACE   shift, and go to state 99
    LPAR     shift, and go to state 28
    MINUS    shift, and go to state 29
    NOT      shift, and go to state 30
    PLUS     shift, and go to state 31

    Statement  go to state 130
    Expr       go to state 104


State 129

   34 Statement: IF LPAR Expr RPAR . Statement StatementElse

    error    shift, and go to state 95
    CHRLIT   shift, and go to state 24
    REALLIT  shift, and go to state 25
    INTLIT   shift, and go to state 26
    ID       shift, and go to state 27
    WHILE    shift, and go to state 96
    IF       shift, and go to state 97
    RETURN   shift, and go to state 98
    LBRACE   shift, and go to state 99
    LPAR     shift, and go to state 28
    MINUS    shift, and go to state 29
    NOT      shift, and go to state 30
    PLUS     shift, and go to state 31

    Statement  go to state 131
    Expr       go to state 104


State 130

   35 Statement: WHILE LPAR Expr RPAR Statement .

    $default  reduce using rule 35 (Statement)


State 131

   34 Statement: IF LPAR Expr RPAR Statement . StatementElse

    ELSE  shift, and go to state 132

    $default  reduce using rule 41 (StatementElse)

    StatementElse  go to state 133


State 132

   40 StatementElse: ELSE . Statement

    error    shift, and go to state 95
    CHRLIT   shift, and go to state 24
    REALLIT  shift, and go to state 25
    INTLIT   shift, and go to state 26
    ID       shift, and go to state 27
    WHILE    shift, and go to state 96
    IF       shift, and go to state 97
    RETURN   shift, and go to state 98
    LBRACE   shift, and go to state 99
    LPAR     shift, and go to state 28
    MINUS    shift, and go to state 29
    NOT      shift, and go to state 30
    PLUS     shift, and go to state 31

    Statement  go to state 134
    Expr       go to state 104


State 133

   34 Statement: IF LPAR Expr RPAR Statement StatementElse .

    $default  reduce using rule 34 (Statement)


State 134

   40 StatementElse: ELSE Statement .

    $default  reduce using rule 40 (StatementElse)
