Line 4, col 5: Symbol ze already defined
Line 5, col 6: Conflicting types (got int(void), expected void(int))
Line 8, col 5: Symbol calhau already defined
Line 32, col 5: Symbol g already defined
Line 38, col 7: Conflicting types (got short(short), expected char(int))
Line 41, col 5: Symbol k already defined
Line 47, col 5: Symbol z already defined
Line 50, col 5: Conflicting types (got int(void), expected short(void))
Line 53, col 8: Conflicting types (got double(void), expected int(int))
Line 57, col 5: Symbol n already defined
Line 65, col 5: Symbol hello already defined
Line 67, col 5: Symbol hello already defined
Line 72, col 5: Symbol main already defined
===== Global Symbol Table =====
putchar	int(int)
getchar	int(void)
ola	int(int,int)
a	void(int)
ze	int(int)
calhau	int(void)
main	int(int)
opa	int(int)
e	int
f	int(void)
g	int(void)
h	int(void)
j	char(int)
k	void(void)
l	short(int)
z	int(int)
x	short(void)
v	int(int)
n	int(double)
hello	int(void)

===== Function ze Symbol Table =====
return	int
a	int	param

===== Function main Symbol Table =====
return	int
a	int	param

===== Function k Symbol Table =====
return	void

===== Function l Symbol Table =====
return	short
a	int	param

===== Function z Symbol Table =====
return	int
a	int	param

===== Function x Symbol Table =====
return	short

===== Function n Symbol Table =====
return	int

===== Function hello Symbol Table =====
return	int

Program
..FuncDeclaration
....Int
....Id(ola)
....ParamList
......ParamDeclaration
........Int
......ParamDeclaration
........Int
..FuncDeclaration
....Void
....Id(a)
....ParamList
......ParamDeclaration
........Int
..FuncDefinition
....Int
....Id(ze)
....ParamList
......ParamDeclaration
........Int
........Id(a)
....FuncBody
......Return
........IntLit(1) - int
..Declaration
....Int
....Id(ze)
..FuncDeclaration
....Int
....Id(a)
....ParamList
......ParamDeclaration
........Void
..FuncDeclaration
....Int
....Id(calhau)
....ParamList
......ParamDeclaration
........Void
..Declaration
....Int
....Id(calhau)
..FuncDefinition
....Int
....Id(main)
....ParamList
......ParamDeclaration
........Int
........Id(a)
....FuncBody
......Return
........IntLit(0) - int
..Declaration
....Int
....Id(opa)
..FuncDeclaration
....Int
....Id(opa)
....ParamList
......ParamDeclaration
........Int
..Declaration
....Int
....Id(e)
..Declaration
....Int
....Id(e)
..Declaration
....Double
....Id(e)
..Declaration
....Int
....Id(f)
..FuncDeclaration
....Int
....Id(f)
....ParamList
......ParamDeclaration
........Void
..FuncDeclaration
....Int
....Id(g)
....ParamList
......ParamDeclaration
........Void
..Declaration
....Int
....Id(g)
..FuncDeclaration
....Int
....Id(h)
....ParamList
......ParamDeclaration
........Void
..FuncDeclaration
....Int
....Id(h)
....ParamList
......ParamDeclaration
........Void
..FuncDeclaration
....Char
....Id(j)
....ParamList
......ParamDeclaration
........Int
..FuncDeclaration
....Short
....Id(j)
....ParamList
......ParamDeclaration
........Short
..FuncDefinition
....Void
....Id(k)
....ParamList
......ParamDeclaration
........Void
....FuncBody
......Return
........Null
..FuncDefinition
....Int
....Id(k)
....ParamList
......ParamDeclaration
........Short
........Id(a)
....FuncBody
......Return
........IntLit(1)
..Declaration
....Short
....Id(l)
..FuncDefinition
....Short
....Id(l)
....ParamList
......ParamDeclaration
........Int
........Id(a)
....FuncBody
..FuncDefinition
....Int
....Id(z)
....ParamList
......ParamDeclaration
........Int
........Id(a)
....FuncBody
..Declaration
....Int
....Id(z)
..FuncDefinition
....Short
....Id(x)
....ParamList
......ParamDeclaration
........Void
....FuncBody
..FuncDeclaration
....Int
....Id(x)
....ParamList
......ParamDeclaration
........Void
..FuncDeclaration
....Int
....Id(v)
....ParamList
......ParamDeclaration
........Int
..FuncDefinition
....Double
....Id(v)
....ParamList
......ParamDeclaration
........Void
....FuncBody
..FuncDefinition
....Int
....Id(n)
....ParamList
......ParamDeclaration
........Double
....FuncBody
..FuncDefinition
....Int
....Id(n)
....ParamList
......ParamDeclaration
........Double
....FuncBody
..FuncDefinition
....Int
....Id(hello)
....ParamList
......ParamDeclaration
........Void
....FuncBody
......Return
........IntLit(1) - int
..Declaration
....Int
....Id(hello)
..FuncDefinition
....Int
....Id(hello)
....ParamList
......ParamDeclaration
........Int
........Id(a)
....FuncBody
......Return
........IntLit(1)
..FuncDefinition
....Int
....Id(main)
....ParamList
......ParamDeclaration
........Int
........Id(a)
....FuncBody
......Store
........IntLit(2)
........IntLit(2)
